

***********************************************************************
Fatal NI connect error 12545, connecting to:
 (DESCRIPTION=(ADDRESS=(PROTOCOL=TCP)(HOST=localhost(PORT = 1521))(CONNECT_DATA=(SERVICE_NAME=xe)(CID=(PROGRAM=D:\Repo\Формы Сучкова\bin\Debug\Формы Сучкова.vshost.exe)(HOST=LENOVO-NOTEBOOK)(USER=Lenovo))))

  VERSION INFORMATION:
	TNS for 32-bit Windows: Version 10.2.0.1.0 - Production
	Windows NT TCP/IP NT Protocol Adapter for 32-bit Windows: Version 10.2.0.1.0 - Production
  Time: 23-МАР-2015 00:57:02
  Tracing not turned on.
  Tns error struct:
    ns main err code: 12545
    TNS-12545: Connect failed because target host or object does not exist
    ns secondary err code: 12560
    nt main err code: 515
    TNS-00515: Connect failed because target host or object does not exist
    nt secondary err code: 1004
    nt OS err code: 0


***********************************************************************
Fatal NI connect error 12545, connecting to:
 (DESCRIPTION=(ADDRESS=(PROTOCOL=TCP)(HOST=localhost(PORT = 1521))(CONNECT_DATA=(SERVICE_NAME=xe)(CID=(PROGRAM=D:\Repo\Формы Сучкова\bin\Debug\Формы Сучкова.vshost.exe)(HOST=LENOVO-NOTEBOOK)(USER=Lenovo))))

  VERSION INFORMATION:
	TNS for 32-bit Windows: Version 10.2.0.1.0 - Production
	Windows NT TCP/IP NT Protocol Adapter for 32-bit Windows: Version 10.2.0.1.0 - Production
  Time: 23-МАР-2015 00:57:21
  Tracing not turned on.
  Tns error struct:
    ns main err code: 12545
    TNS-12545: Connect failed because target host or object does not exist
    ns secondary err code: 12560
    nt main err code: 515
    TNS-00515: Connect failed because target host or object does not exist
    nt secondary err code: 1004
    nt OS err code: 0


***********************************************************************
Fatal NI connect error 12545, connecting to:
 (DESCRIPTION=(ADDRESS=(PROTOCOL=TCP)(HOST=localhost (PORT = 1521))(CONNECT_DATA=(SERVICE_NAME=xe)(CID=(PROGRAM=D:\Repo\Формы Сучкова\bin\Debug\Формы Сучкова.vshost.exe)(HOST=LENOVO-NOTEBOOK)(USER=Lenovo))))

  VERSION INFORMATION:
	TNS for 32-bit Windows: Version 10.2.0.1.0 - Production
	Windows NT TCP/IP NT Protocol Adapter for 32-bit Windows: Version 10.2.0.1.0 - Production
  Time: 23-МАР-2015 00:58:04
  Tracing not turned on.
  Tns error struct:
    ns main err code: 12545
    TNS-12545: Connect failed because target host or object does not exist
    ns secondary err code: 12560
    nt main err code: 515
    TNS-00515: Connect failed because target host or object does not exist
    nt secondary err code: 1004
    nt OS err code: 0
